<?xml version="1.0" encoding="UTF-8"?>
<!-- Generated by org.testng.reporters.JUnitReportReporter -->
<testsuite hostname="King" failures="0" tests="2" name="Perform_All_Test_Annotations.TestCase" time="22.173" errors="0" timestamp="2024-01-05T21:48:43 IST" skipped="0">
  <testcase classname="Perform_All_Test_Annotations.TestCase" name="evaluateAmazonSearch" time="11.609"/>
  <system-out/>
  <testcase classname="Perform_All_Test_Annotations.TestCase" name="evaluateGoogleSearch" time="10.564"/>
  <system-out/>
</testsuite> <!-- Perform_All_Test_Annotations.TestCase -->
