<?xml version="1.0" encoding="UTF-8"?>
<!-- Generated by org.testng.reporters.JUnitReportReporter -->
<testsuite hostname="King" failures="0" tests="2" name="Perform_All_Test_Annotations.Group_Brand" time="44.612" errors="0" timestamp="2024-01-12T14:44:52 IST" skipped="0">
  <testcase classname="Perform_All_Test_Annotations.Group_Brand" name="testNike" time="21.276"/>
  <system-out/>
  <testcase classname="Perform_All_Test_Annotations.Group_Brand" name="testPuma" time="23.336"/>
  <system-out/>
</testsuite> <!-- Perform_All_Test_Annotations.Group_Brand -->
