<?xml version="1.0" encoding="UTF-8"?>
<!-- Generated by org.testng.reporters.JUnitReportReporter -->
<testsuite hostname="King" failures="0" tests="2" name="Perform_All_Test_Annotations.Grroup_Ambassador" time="18.189" errors="0" timestamp="2024-01-12T08:24:39 IST" skipped="0">
  <testcase classname="Perform_All_Test_Annotations.Grroup_Ambassador" name="testRonaldo" time="8.967"/>
  <system-out/>
  <testcase classname="Perform_All_Test_Annotations.Grroup_Ambassador" name="testVirat" time="9.222"/>
  <system-out/>
</testsuite> <!-- Perform_All_Test_Annotations.Grroup_Ambassador -->
