<?xml version="1.0" encoding="UTF-8"?>
<!-- Generated by org.testng.reporters.JUnitReportReporter -->
<testsuite hostname="King" failures="0" tests="1" name="Perform_All_Test_Annotations.Group_Ambassador" time="8.497" errors="0" timestamp="2024-01-12T14:44:52 IST" skipped="0">
  <testcase classname="Perform_All_Test_Annotations.Group_Ambassador" name="testRonaldo" time="8.497"/>
  <system-out/>
</testsuite> <!-- Perform_All_Test_Annotations.Group_Ambassador -->
