<?xml version="1.0" encoding="UTF-8"?>
<!-- Generated by org.testng.reporters.JUnitReportReporter -->
<testsuite hostname="King" failures="0" tests="4" name="JAVA_TESTING.App" time="52.335" errors="0" timestamp="2024-01-04T17:25:59 IST" skipped="0">
  <testcase classname="JAVA_TESTING.App" name="loginTest" time="10.476"/>
  <system-out/>
  <testcase classname="JAVA_TESTING.App" name="searchAndAddToCartTest" time="10.654"/>
  <system-out/>
  <testcase classname="JAVA_TESTING.App" name="invalidLoginTest" time="10.666"/>
  <system-out/>
  <testcase classname="JAVA_TESTING.App" name="registrationTest" time="20.539"/>
  <system-out/>
</testsuite> <!-- JAVA_TESTING.App -->
