<?xml version="1.0" encoding="UTF-8"?>
<!-- Generated by org.testng.reporters.JUnitReportReporter -->
<testsuite hostname="King" failures="0" tests="4" name="Perform_All_Test_Annotations.Group_Test" time="37.087" errors="0" timestamp="2024-01-05T21:39:12 IST" skipped="0">
  <testcase classname="Perform_All_Test_Annotations.Group_Test" name="testGoogleSearch" time="8.678"/>
  <system-out/>
  <testcase classname="Perform_All_Test_Annotations.Group_Test" name="testFlipkartPurchase" time="8.938"/>
  <system-out/>
  <testcase classname="Perform_All_Test_Annotations.Group_Test" name="testAmazonPurchase" time="8.260"/>
  <system-out/>
  <testcase classname="Perform_All_Test_Annotations.Group_Test" name="testYouTubeSearch" time="11.211"/>
  <system-out/>
</testsuite> <!-- Perform_All_Test_Annotations.Group_Test -->
