<?xml version="1.0" encoding="UTF-8"?>
<!-- Generated by org.testng.reporters.JUnitReportReporter -->
<testsuite hostname="King" failures="0" tests="2" name="Perform_All_Test_Annotations.App" time="0.008" errors="0" timestamp="2024-01-05T21:25:45 IST" skipped="0">
  <testcase classname="Perform_All_Test_Annotations.App" name="testMethod2" time="0.003"/>
  <system-out/>
  <testcase classname="Perform_All_Test_Annotations.App" name="testMethod1" time="0.005"/>
  <system-out/>
</testsuite> <!-- Perform_All_Test_Annotations.App -->
