<?xml version="1.0" encoding="UTF-8"?>
<!-- Generated by org.testng.reporters.JUnitReportReporter -->
<testsuite hostname="King" failures="0" tests="4" name="Perform_All_Test_Annotations.Grroup" time="41.433" errors="0" timestamp="2024-01-12T07:27:56 IST" skipped="0">
  <testcase classname="Perform_All_Test_Annotations.Grroup" name="testFlipkartPurchase" time="8.608"/>
  <system-out/>
  <testcase classname="Perform_All_Test_Annotations.Grroup" name="testYouTubeSearch" time="16.207"/>
  <system-out/>
  <testcase classname="Perform_All_Test_Annotations.Grroup" name="testAmazonPurchase" time="8.085"/>
  <system-out/>
  <testcase classname="Perform_All_Test_Annotations.Grroup" name="testGoogleSearch" time="8.533"/>
  <system-out/>
</testsuite> <!-- Perform_All_Test_Annotations.Grroup -->
